[2023-10-02 17:45:27] INFO: MouseMoverApp: start_moving called
[2023-10-02 17:45:27] INFO: Inside update_runtime.
[2023-10-02 17:45:27] INFO: Event added: Mouse Mover started.
[2023-10-02 17:45:27] INFO: Inside the while loop, should_run is True.
[2023-10-02 17:45:28] INFO: Inside update_runtime.
[2023-10-02 17:45:29] INFO: Inside update_runtime.
[2023-10-02 17:45:30] INFO: Inside update_runtime.
[2023-10-02 17:45:31] INFO: Inside update_runtime.
[2023-10-02 17:45:32] INFO: Inside update_runtime.
[2023-10-02 17:45:33] INFO: Event added: Mouse moved.
[2023-10-02 17:45:33] INFO: Inside the while loop, should_run is True.
[2023-10-02 17:45:33] INFO: Inside update_runtime.
[2023-10-02 17:45:34] INFO: Inside update_runtime.
[2023-10-02 17:45:35] INFO: Inside update_runtime.
[2023-10-02 17:45:36] INFO: Inside update_runtime.
[2023-10-02 17:45:37] INFO: Inside update_runtime.
[2023-10-02 17:45:38] INFO: Inside update_runtime.
[2023-10-02 17:45:39] INFO: Event added: Mouse moved.
[2023-10-02 17:45:39] INFO: Inside the while loop, should_run is True.
[2023-10-02 17:45:39] INFO: Inside update_runtime.
[2023-10-02 17:45:40] INFO: Inside update_runtime.
[2023-10-02 17:45:41] INFO: Inside update_runtime.
[2023-10-02 17:45:42] INFO: Inside update_runtime.
[2023-10-02 17:45:43] INFO: Inside update_runtime.
[2023-10-02 17:45:44] INFO: Inside update_runtime.
[2023-10-02 17:45:45] INFO: Event added: Mouse moved.
[2023-10-02 17:45:45] INFO: Inside the while loop, should_run is True.
[2023-10-02 17:45:45] INFO: Inside update_runtime.
[2023-10-02 17:45:46] INFO: Inside update_runtime.
[2023-10-02 17:45:47] INFO: Inside update_runtime.
[2023-10-02 17:45:48] INFO: Inside update_runtime.
[2023-10-02 17:45:49] INFO: Inside update_runtime.
[2023-10-02 17:45:50] INFO: Inside update_runtime.
[2023-10-02 17:45:50] INFO: Event added: Mouse moved.
[2023-10-02 17:45:50] INFO: Inside the while loop, should_run is True.
[2023-10-02 17:45:51] INFO: Inside update_runtime.
[2023-10-02 17:45:52] INFO: Inside update_runtime.
[2023-10-02 17:45:53] INFO: Inside update_runtime.
[2023-10-02 17:45:54] INFO: Inside update_runtime.
[2023-10-02 17:45:55] INFO: Inside update_runtime.
[2023-10-02 17:45:56] INFO: Inside update_runtime.
[2023-10-02 17:45:56] INFO: Event added: Mouse moved.
[2023-10-02 17:45:56] INFO: Inside the while loop, should_run is True.
[2023-10-02 17:45:57] INFO: Inside update_runtime.
[2023-10-02 17:45:58] INFO: Inside update_runtime.
[2023-10-02 17:45:59] INFO: Inside update_runtime.
[2023-10-02 17:46:00] INFO: Inside update_runtime.
[2023-10-02 17:46:01] INFO: Inside update_runtime.
[2023-10-02 17:46:02] INFO: Inside update_runtime.
[2023-10-02 17:46:02] INFO: Event added: Mouse moved.
[2023-10-02 17:46:02] INFO: Inside the while loop, should_run is True.
[2023-10-02 17:46:03] INFO: Inside update_runtime.
[2023-10-02 17:46:04] INFO: Inside update_runtime.
[2023-10-02 17:46:05] INFO: Inside update_runtime.
[2023-10-02 17:46:06] INFO: Inside update_runtime.
[2023-10-02 17:46:07] INFO: Inside update_runtime.
[2023-10-02 17:46:08] INFO: Inside update_runtime.
[2023-10-02 17:46:08] INFO: Event added: Mouse moved.
[2023-10-02 17:46:08] INFO: Inside the while loop, should_run is True.
[2023-10-02 17:46:09] INFO: Inside update_runtime.
[2023-10-02 17:46:10] INFO: Inside update_runtime.
[2023-10-02 17:46:11] INFO: Inside update_runtime.
[2023-10-02 17:46:12] INFO: Inside update_runtime.
[2023-10-02 17:46:13] INFO: Inside update_runtime.
[2023-10-02 17:46:14] INFO: Event added: Mouse moved.
[2023-10-02 17:46:14] INFO: Inside update_runtime.
[2023-10-02 17:46:14] INFO: Inside the while loop, should_run is True.
[2023-10-02 17:46:15] INFO: Inside update_runtime.
[2023-10-02 17:46:16] INFO: Inside update_runtime.
[2023-10-02 17:46:17] INFO: Inside update_runtime.
[2023-10-02 17:46:18] INFO: Inside update_runtime.
[2023-10-02 17:46:19] INFO: Inside update_runtime.
[2023-10-02 17:46:20] INFO: Event added: Mouse moved.
[2023-10-02 17:46:20] INFO: Inside the while loop, should_run is True.
[2023-10-02 17:46:20] INFO: Inside update_runtime.
[2023-10-02 17:46:21] INFO: Inside update_runtime.
[2023-10-02 17:46:22] INFO: Inside update_runtime.
[2023-10-02 17:46:23] INFO: Inside update_runtime.
[2023-10-02 17:46:24] INFO: Inside update_runtime.
[2023-10-02 17:46:25] INFO: Inside update_runtime.
[2023-10-02 17:46:26] INFO: Event added: Mouse moved.
[2023-10-02 17:46:26] INFO: Inside the while loop, should_run is True.
[2023-10-02 17:46:26] INFO: Inside update_runtime.
[2023-10-02 17:46:27] INFO: Inside update_runtime.
[2023-10-02 17:46:28] INFO: Inside update_runtime.
[2023-10-02 17:46:29] INFO: Inside update_runtime.
[2023-10-02 17:46:30] INFO: Inside update_runtime.
[2023-10-02 17:46:31] INFO: Inside update_runtime.
[2023-10-02 17:46:32] INFO: Event added: Mouse moved.
[2023-10-02 17:46:32] INFO: Inside the while loop, should_run is True.
[2023-10-02 17:46:32] INFO: Inside update_runtime.
[2023-10-02 17:46:33] INFO: Inside update_runtime.
[2023-10-02 17:46:34] INFO: Inside update_runtime.
[2023-10-02 17:46:35] INFO: Inside update_runtime.
[2023-10-02 17:46:36] INFO: MouseMoverApp: stop_moving called
[2023-10-02 17:46:36] INFO: Event added: Mouse Mover stopped.
[2023-10-02 17:46:36] INFO: Inside update_runtime.
[2023-10-02 17:46:37] INFO: Event added: Mouse moved.
[2023-10-02 17:48:22] INFO: MouseMoverApp: stop_moving called
[2023-10-02 17:48:22] INFO: Event added: Mouse Mover stopped.
[2023-10-02 17:48:34] INFO: MouseMoverApp: start_moving called
[2023-10-02 17:48:34] INFO: Inside update_runtime.
[2023-10-02 17:48:34] INFO: Event added: Mouse Mover started.
[2023-10-02 17:48:34] INFO: Inside the while loop, should_run is True.
[2023-10-02 17:48:35] INFO: Inside update_runtime.
[2023-10-02 17:48:36] INFO: Inside update_runtime.
[2023-10-02 17:48:37] INFO: Inside update_runtime.
[2023-10-02 17:48:38] INFO: Inside update_runtime.
[2023-10-02 17:48:39] INFO: Inside update_runtime.
[2023-10-02 17:48:40] INFO: Inside update_runtime.
[2023-10-02 17:48:41] INFO: Inside update_runtime.
[2023-10-02 17:48:42] INFO: Inside update_runtime.
[2023-10-02 17:48:43] INFO: Inside update_runtime.
[2023-10-02 17:48:44] INFO: Inside update_runtime.
[2023-10-02 17:48:45] INFO: Inside update_runtime.
[2023-10-02 17:48:46] INFO: Inside update_runtime.
[2023-10-02 17:48:47] INFO: Inside update_runtime.
[2023-10-02 17:48:48] INFO: Inside update_runtime.
[2023-10-02 17:48:49] INFO: Inside update_runtime.
[2023-10-02 17:48:50] INFO: MouseMoverApp: stop_moving called
[2023-10-02 17:48:50] INFO: Event added: Mouse Mover stopped.
[2023-10-02 17:48:50] INFO: Inside update_runtime.
[2023-10-02 17:49:54] INFO: MouseMoverApp: start_moving called
[2023-10-02 17:49:54] INFO: Inside update_runtime.
[2023-10-02 17:49:54] INFO: Event added: Mouse Mover started.
[2023-10-02 17:49:54] INFO: Inside the while loop, should_run is True.
[2023-10-02 17:49:55] INFO: Inside update_runtime.
[2023-10-02 17:49:56] INFO: Inside update_runtime.
[2023-10-02 17:49:57] INFO: Inside update_runtime.
[2023-10-02 17:49:58] INFO: Inside update_runtime.
[2023-10-02 17:49:59] INFO: Inside update_runtime.
[2023-10-02 17:50:00] INFO: Event added: Mouse moved.
[2023-10-02 17:50:00] INFO: Inside the while loop, should_run is True.
[2023-10-02 17:50:00] INFO: Inside update_runtime.
[2023-10-02 17:50:01] INFO: Inside update_runtime.
[2023-10-02 17:50:02] INFO: Inside update_runtime.
[2023-10-02 17:50:03] INFO: Inside update_runtime.
[2023-10-02 17:50:04] INFO: Inside update_runtime.
[2023-10-02 17:50:05] INFO: Inside update_runtime.
[2023-10-02 17:50:06] INFO: Event added: Mouse moved.
[2023-10-02 17:50:06] INFO: Inside the while loop, should_run is True.
[2023-10-02 17:50:06] INFO: Inside update_runtime.
[2023-10-02 17:50:07] INFO: Inside update_runtime.
[2023-10-02 17:50:08] INFO: Inside update_runtime.
[2023-10-02 17:50:09] INFO: Inside update_runtime.
[2023-10-02 17:50:10] INFO: Inside update_runtime.
[2023-10-02 17:50:11] INFO: Inside update_runtime.
[2023-10-02 17:50:12] INFO: Event added: Mouse moved.
[2023-10-02 17:50:12] INFO: Inside the while loop, should_run is True.
[2023-10-02 17:50:12] INFO: Inside update_runtime.
[2023-10-02 17:50:13] INFO: Inside update_runtime.
[2023-10-02 17:50:14] INFO: Inside update_runtime.
[2023-10-02 17:50:15] INFO: Inside update_runtime.
[2023-10-02 17:50:16] INFO: Inside update_runtime.
[2023-10-02 17:50:17] INFO: Inside update_runtime.
[2023-10-02 17:50:18] INFO: Event added: Mouse moved.
[2023-10-02 17:50:18] INFO: Inside the while loop, should_run is True.
[2023-10-02 17:50:18] INFO: Inside update_runtime.
[2023-10-02 17:50:19] INFO: Inside update_runtime.
[2023-10-02 17:50:20] INFO: Inside update_runtime.
[2023-10-02 17:50:21] INFO: Inside update_runtime.
[2023-10-02 17:50:22] INFO: Inside update_runtime.
[2023-10-02 17:50:23] INFO: Inside update_runtime.
[2023-10-02 17:50:24] INFO: Event added: Mouse moved.
[2023-10-02 17:50:24] INFO: Inside the while loop, should_run is True.
[2023-10-02 17:50:24] INFO: Inside update_runtime.
[2023-10-02 17:50:25] INFO: Inside update_runtime.
[2023-10-02 17:50:26] INFO: Inside update_runtime.
[2023-10-02 17:50:27] INFO: Inside update_runtime.
[2023-10-02 17:50:28] INFO: Inside update_runtime.
[2023-10-02 17:50:29] INFO: Inside update_runtime.
[2023-10-02 17:50:30] INFO: Event added: Mouse moved.
[2023-10-02 17:50:30] INFO: Inside the while loop, should_run is True.
[2023-10-02 17:50:30] INFO: Inside update_runtime.
[2023-10-02 17:50:31] INFO: Inside update_runtime.
[2023-10-02 17:50:32] INFO: Inside update_runtime.
[2023-10-02 17:50:33] INFO: Inside update_runtime.
[2023-10-02 17:50:34] INFO: Inside update_runtime.
[2023-10-02 17:50:35] INFO: Inside update_runtime.
[2023-10-02 17:50:36] INFO: Event added: Mouse moved.
[2023-10-02 17:50:36] INFO: Inside the while loop, should_run is True.
[2023-10-02 17:50:36] INFO: Inside update_runtime.
[2023-10-02 17:50:37] INFO: Inside update_runtime.
[2023-10-02 17:50:38] INFO: Inside update_runtime.
[2023-10-02 17:50:39] INFO: Inside update_runtime.
[2023-10-02 17:50:40] INFO: Inside update_runtime.
[2023-10-02 17:50:41] INFO: Inside update_runtime.
[2023-10-02 17:50:42] INFO: Event added: Mouse moved.
[2023-10-02 17:50:42] INFO: Inside the while loop, should_run is True.
[2023-10-02 17:50:42] INFO: Inside update_runtime.
[2023-10-02 17:50:43] INFO: Inside update_runtime.
[2023-10-02 17:50:44] INFO: Inside update_runtime.
[2023-10-02 17:50:45] INFO: Inside update_runtime.
[2023-10-02 17:50:46] INFO: Inside update_runtime.
[2023-10-02 17:50:47] INFO: Event added: Mouse moved.
[2023-10-02 17:50:47] INFO: Inside the while loop, should_run is True.
[2023-10-02 17:50:48] INFO: Inside update_runtime.
[2023-10-02 17:50:49] INFO: Inside update_runtime.
[2023-10-02 17:50:50] INFO: Inside update_runtime.
[2023-10-02 17:50:51] INFO: Inside update_runtime.
[2023-10-02 17:50:52] INFO: Inside update_runtime.
[2023-10-02 17:50:53] INFO: Inside update_runtime.
[2023-10-02 17:50:53] INFO: Event added: Mouse moved.
[2023-10-02 17:50:53] INFO: Inside the while loop, should_run is True.
[2023-10-02 17:50:54] INFO: Inside update_runtime.
[2023-10-02 17:50:55] INFO: Inside update_runtime.
[2023-10-02 17:50:56] INFO: Inside update_runtime.
[2023-10-02 17:50:57] INFO: Inside update_runtime.
[2023-10-02 17:50:58] INFO: Inside update_runtime.
[2023-10-02 17:50:59] INFO: Inside update_runtime.
[2023-10-02 17:50:59] INFO: Event added: Mouse moved.
[2023-10-02 17:50:59] INFO: Inside the while loop, should_run is True.
[2023-10-02 17:51:00] INFO: Inside update_runtime.
[2023-10-02 17:51:01] INFO: Inside update_runtime.
[2023-10-02 17:51:02] INFO: Inside update_runtime.
[2023-10-02 17:51:03] INFO: Inside update_runtime.
[2023-10-02 17:51:04] INFO: Inside update_runtime.
[2023-10-02 17:51:05] INFO: Inside update_runtime.
[2023-10-02 17:51:05] INFO: Event added: Mouse moved.
[2023-10-02 17:51:05] INFO: Inside the while loop, should_run is True.
[2023-10-02 17:51:06] INFO: Inside update_runtime.
[2023-10-02 17:51:07] INFO: Inside update_runtime.
[2023-10-02 17:51:08] INFO: Inside update_runtime.
[2023-10-02 17:51:09] INFO: Inside update_runtime.
[2023-10-02 17:51:10] INFO: Inside update_runtime.
[2023-10-02 17:51:11] INFO: Inside update_runtime.
[2023-10-02 17:51:11] INFO: Event added: Mouse moved.
[2023-10-02 17:51:11] INFO: Inside the while loop, should_run is True.
[2023-10-02 17:51:12] INFO: Inside update_runtime.
[2023-10-02 17:51:13] INFO: Inside update_runtime.
[2023-10-02 17:51:14] INFO: Inside update_runtime.
[2023-10-02 17:51:15] INFO: Inside update_runtime.
[2023-10-02 17:51:16] INFO: Inside update_runtime.
[2023-10-02 17:51:17] INFO: Inside update_runtime.
[2023-10-02 17:51:17] INFO: Event added: Mouse moved.
[2023-10-02 17:51:17] INFO: Inside the while loop, should_run is True.
[2023-10-02 17:51:18] INFO: Inside update_runtime.
[2023-10-02 17:51:19] INFO: Inside update_runtime.
[2023-10-02 17:51:20] INFO: Inside update_runtime.
[2023-10-02 17:51:21] INFO: Inside update_runtime.
[2023-10-02 17:51:22] INFO: Inside update_runtime.
[2023-10-02 17:51:23] INFO: Inside update_runtime.
[2023-10-02 17:51:23] INFO: Event added: Mouse moved.
[2023-10-02 17:51:23] INFO: Inside the while loop, should_run is True.
[2023-10-02 17:51:24] INFO: Inside update_runtime.
[2023-10-02 17:51:25] INFO: Inside update_runtime.
[2023-10-02 17:51:26] INFO: Inside update_runtime.
[2023-10-02 17:51:27] INFO: Inside update_runtime.
[2023-10-02 17:51:28] INFO: Inside update_runtime.
[2023-10-02 17:51:29] INFO: Inside update_runtime.
[2023-10-02 17:51:29] INFO: Event added: Mouse moved.
[2023-10-02 17:51:29] INFO: Inside the while loop, should_run is True.
[2023-10-02 17:51:30] INFO: Inside update_runtime.
[2023-10-02 17:51:31] INFO: Inside update_runtime.
[2023-10-02 17:51:32] INFO: Inside update_runtime.
[2023-10-02 17:51:33] INFO: Inside update_runtime.
[2023-10-02 17:51:34] INFO: Inside update_runtime.
[2023-10-02 17:51:34] INFO: Event added: Mouse moved.
[2023-10-02 17:51:34] INFO: Inside the while loop, should_run is True.
[2023-10-02 17:51:35] INFO: Inside update_runtime.
[2023-10-02 17:51:36] INFO: Inside update_runtime.
[2023-10-02 17:51:37] INFO: Inside update_runtime.
[2023-10-02 17:51:38] INFO: Inside update_runtime.
[2023-10-02 17:51:39] INFO: Inside update_runtime.
[2023-10-02 17:51:40] INFO: Inside update_runtime.
[2023-10-02 17:51:40] INFO: Event added: Mouse moved.
[2023-10-02 17:51:40] INFO: Inside the while loop, should_run is True.
[2023-10-02 17:51:41] INFO: Inside update_runtime.
[2023-10-02 17:51:42] INFO: Inside update_runtime.
[2023-10-02 17:51:43] INFO: Inside update_runtime.
[2023-10-02 17:51:44] INFO: Inside update_runtime.
[2023-10-02 17:51:45] INFO: Inside update_runtime.
[2023-10-02 17:51:46] INFO: Inside update_runtime.
[2023-10-02 17:51:46] INFO: Event added: Mouse moved.
[2023-10-02 17:51:46] INFO: Inside the while loop, should_run is True.
[2023-10-02 17:51:47] INFO: Inside update_runtime.
[2023-10-02 17:51:48] INFO: Inside update_runtime.
[2023-10-02 17:51:49] INFO: Inside update_runtime.
[2023-10-02 17:51:50] INFO: Inside update_runtime.
[2023-10-02 17:51:51] INFO: Inside update_runtime.
[2023-10-02 17:51:52] INFO: Inside update_runtime.
[2023-10-02 17:51:52] INFO: Event added: Mouse moved.
[2023-10-02 17:51:52] INFO: Inside the while loop, should_run is True.
[2023-10-02 17:51:53] INFO: Inside update_runtime.
[2023-10-02 17:51:54] INFO: Inside update_runtime.
[2023-10-02 17:51:55] INFO: Inside update_runtime.
[2023-10-02 17:51:56] INFO: Inside update_runtime.
[2023-10-02 17:51:57] INFO: Inside update_runtime.
[2023-10-02 17:51:58] INFO: Inside update_runtime.
[2023-10-02 17:51:58] INFO: Event added: Mouse moved.
[2023-10-02 17:51:58] INFO: Inside the while loop, should_run is True.
[2023-10-02 17:51:59] INFO: Inside update_runtime.
[2023-10-02 17:52:00] INFO: Inside update_runtime.
[2023-10-02 17:52:01] INFO: Inside update_runtime.
[2023-10-02 17:52:02] INFO: Inside update_runtime.
[2023-10-02 17:52:03] INFO: Inside update_runtime.
[2023-10-02 17:52:04] INFO: Inside update_runtime.
[2023-10-02 17:52:04] INFO: Event added: Mouse moved.
[2023-10-02 17:52:04] INFO: Inside the while loop, should_run is True.
[2023-10-02 17:52:05] INFO: Inside update_runtime.
[2023-10-02 17:52:06] INFO: Inside update_runtime.
[2023-10-02 17:52:07] INFO: Inside update_runtime.
[2023-10-02 17:52:08] INFO: Inside update_runtime.
[2023-10-02 17:52:09] INFO: Inside update_runtime.
[2023-10-02 17:52:10] INFO: Inside update_runtime.
[2023-10-02 17:52:10] INFO: Event added: Mouse moved.
[2023-10-02 17:52:10] INFO: Inside the while loop, should_run is True.
[2023-10-02 17:52:11] INFO: Inside update_runtime.
[2023-10-02 17:52:12] INFO: Inside update_runtime.
[2023-10-02 17:52:13] INFO: Inside update_runtime.
[2023-10-02 17:52:14] INFO: Inside update_runtime.
[2023-10-02 17:52:15] INFO: Inside update_runtime.
[2023-10-02 17:52:16] INFO: Event added: Mouse moved.
[2023-10-02 17:52:16] INFO: Inside update_runtime.
[2023-10-02 17:52:16] INFO: Inside the while loop, should_run is True.
[2023-10-02 17:52:17] INFO: Inside update_runtime.
[2023-10-02 17:52:18] INFO: Inside update_runtime.
[2023-10-02 17:52:19] INFO: Inside update_runtime.
[2023-10-02 17:52:20] INFO: Inside update_runtime.
[2023-10-02 17:52:21] INFO: Inside update_runtime.
[2023-10-02 17:52:22] INFO: Event added: Mouse moved.
[2023-10-02 17:52:22] INFO: Inside the while loop, should_run is True.
[2023-10-02 17:52:22] INFO: Inside update_runtime.
[2023-10-02 17:52:23] INFO: Inside update_runtime.
[2023-10-02 17:52:24] INFO: Inside update_runtime.
[2023-10-02 17:52:25] INFO: Inside update_runtime.
[2023-10-02 17:52:26] INFO: Inside update_runtime.
[2023-10-02 17:52:27] INFO: Inside update_runtime.
[2023-10-02 17:52:27] INFO: Event added: Mouse moved.
[2023-10-02 17:52:27] INFO: Inside the while loop, should_run is True.
[2023-10-02 17:52:28] INFO: Inside update_runtime.
[2023-10-02 17:52:29] INFO: Inside update_runtime.
[2023-10-02 17:52:30] INFO: Inside update_runtime.
[2023-10-02 17:52:31] INFO: Inside update_runtime.
[2023-10-02 17:52:32] INFO: Inside update_runtime.
[2023-10-02 17:52:33] INFO: Inside update_runtime.
[2023-10-02 17:52:33] INFO: Event added: Mouse moved.
[2023-10-02 17:52:33] INFO: Inside the while loop, should_run is True.
[2023-10-02 17:52:34] INFO: Inside update_runtime.
[2023-10-02 17:52:35] INFO: Inside update_runtime.
[2023-10-02 17:52:36] INFO: Inside update_runtime.
[2023-10-02 17:52:37] INFO: Inside update_runtime.
[2023-10-02 17:52:38] INFO: Inside update_runtime.
[2023-10-02 17:52:39] INFO: Inside update_runtime.
[2023-10-02 17:52:39] INFO: Event added: Mouse moved.
[2023-10-02 17:52:39] INFO: Inside the while loop, should_run is True.
[2023-10-02 17:52:40] INFO: Inside update_runtime.
[2023-10-02 17:52:41] INFO: Inside update_runtime.
[2023-10-02 17:52:42] INFO: Inside update_runtime.
[2023-10-02 17:52:43] INFO: Inside update_runtime.
[2023-10-02 17:52:44] INFO: Inside update_runtime.
[2023-10-02 17:52:45] INFO: Inside update_runtime.
[2023-10-02 17:52:45] INFO: Event added: Mouse moved.
[2023-10-02 17:52:45] INFO: Inside the while loop, should_run is True.
[2023-10-02 17:52:46] INFO: Inside update_runtime.
[2023-10-02 17:52:47] INFO: Inside update_runtime.
[2023-10-02 17:52:48] INFO: Inside update_runtime.
[2023-10-02 17:52:49] INFO: Inside update_runtime.
[2023-10-02 17:52:50] INFO: Inside update_runtime.
[2023-10-02 17:52:51] INFO: Inside update_runtime.
[2023-10-02 17:52:51] INFO: Event added: Mouse moved.
[2023-10-02 17:52:51] INFO: Inside the while loop, should_run is True.
[2023-10-02 17:52:52] INFO: Inside update_runtime.
[2023-10-02 17:52:53] INFO: Inside update_runtime.
[2023-10-02 17:52:54] INFO: Inside update_runtime.
[2023-10-02 17:52:55] INFO: Inside update_runtime.
[2023-10-02 17:52:56] INFO: Inside update_runtime.
[2023-10-02 17:52:57] INFO: Inside update_runtime.
[2023-10-02 17:52:57] INFO: Event added: Mouse moved.
[2023-10-02 17:52:57] INFO: Inside the while loop, should_run is True.
[2023-10-02 17:52:58] INFO: Inside update_runtime.
[2023-10-02 17:52:59] INFO: Inside update_runtime.
[2023-10-02 17:53:00] INFO: Inside update_runtime.
[2023-10-02 17:53:01] INFO: Inside update_runtime.
[2023-10-02 17:53:02] INFO: Inside update_runtime.
[2023-10-02 17:53:03] INFO: Event added: Mouse moved.
[2023-10-02 17:53:03] INFO: Inside the while loop, should_run is True.
[2023-10-02 17:53:03] INFO: Inside update_runtime.
[2023-10-02 17:53:04] INFO: Inside update_runtime.
[2023-10-02 17:53:05] INFO: Inside update_runtime.
[2023-10-02 17:53:06] INFO: Inside update_runtime.
[2023-10-02 17:53:07] INFO: Inside update_runtime.
[2023-10-02 17:53:08] INFO: Inside update_runtime.
[2023-10-02 17:53:09] INFO: Event added: Mouse moved.
[2023-10-02 17:53:09] INFO: Inside the while loop, should_run is True.
[2023-10-02 17:53:09] INFO: Inside update_runtime.
[2023-10-02 17:53:10] INFO: Inside update_runtime.
[2023-10-02 17:53:11] INFO: Inside update_runtime.
[2023-10-02 17:53:12] INFO: Inside update_runtime.
[2023-10-02 17:53:13] INFO: Inside update_runtime.
[2023-10-02 17:53:14] INFO: Inside update_runtime.
[2023-10-02 17:53:15] INFO: Event added: Mouse moved.
[2023-10-02 17:53:15] INFO: Inside the while loop, should_run is True.
[2023-10-02 17:53:15] INFO: Inside update_runtime.
[2023-10-02 17:53:16] INFO: Inside update_runtime.
[2023-10-02 17:53:17] INFO: Inside update_runtime.
[2023-10-02 17:53:18] INFO: Inside update_runtime.
[2023-10-02 17:53:19] INFO: Inside update_runtime.
[2023-10-02 17:53:20] INFO: Inside update_runtime.
[2023-10-02 17:53:20] INFO: Event added: Mouse moved.
[2023-10-02 17:53:20] INFO: Inside the while loop, should_run is True.
[2023-10-02 17:53:21] INFO: Inside update_runtime.
[2023-10-02 17:53:22] INFO: Inside update_runtime.
[2023-10-02 17:53:23] INFO: Inside update_runtime.
[2023-10-02 17:53:24] INFO: Inside update_runtime.
[2023-10-02 17:53:25] INFO: Inside update_runtime.
[2023-10-02 17:53:26] INFO: Inside update_runtime.
[2023-10-02 17:53:26] INFO: Event added: Mouse moved.
[2023-10-02 17:53:26] INFO: Inside the while loop, should_run is True.
[2023-10-02 17:53:27] INFO: Inside update_runtime.
[2023-10-02 17:53:28] INFO: Inside update_runtime.
[2023-10-02 17:53:29] INFO: Inside update_runtime.
[2023-10-02 17:53:30] INFO: Inside update_runtime.
[2023-10-02 17:53:31] INFO: Inside update_runtime.
[2023-10-02 17:53:32] INFO: Inside update_runtime.
[2023-10-02 17:53:32] INFO: Event added: Mouse moved.
[2023-10-02 17:53:32] INFO: Inside the while loop, should_run is True.
[2023-10-02 17:53:33] INFO: Inside update_runtime.
[2023-10-02 17:53:34] INFO: Inside update_runtime.
[2023-10-02 17:53:35] INFO: Inside update_runtime.
[2023-10-02 17:53:36] INFO: Inside update_runtime.
[2023-10-02 17:53:37] INFO: Inside update_runtime.
[2023-10-02 17:53:38] INFO: Inside update_runtime.
[2023-10-02 17:53:38] INFO: Event added: Mouse moved.
[2023-10-02 17:53:38] INFO: Inside the while loop, should_run is True.
[2023-10-02 17:53:39] INFO: Inside update_runtime.
[2023-10-02 17:53:40] INFO: Inside update_runtime.
[2023-10-02 17:53:41] INFO: Inside update_runtime.
[2023-10-02 17:53:42] INFO: Inside update_runtime.
[2023-10-02 17:53:43] INFO: Inside update_runtime.
[2023-10-02 17:53:44] INFO: Inside update_runtime.
[2023-10-02 17:53:44] INFO: Event added: Mouse moved.
[2023-10-02 17:53:44] INFO: Inside the while loop, should_run is True.
[2023-10-02 17:53:45] INFO: Inside update_runtime.
[2023-10-02 17:53:46] INFO: Inside update_runtime.
[2023-10-02 17:53:47] INFO: Inside update_runtime.
[2023-10-02 17:53:48] INFO: Inside update_runtime.
[2023-10-02 17:53:49] INFO: Inside update_runtime.
[2023-10-02 17:53:50] INFO: Inside update_runtime.
[2023-10-02 17:53:50] INFO: Event added: Mouse moved.
[2023-10-02 17:53:50] INFO: Inside the while loop, should_run is True.
[2023-10-02 17:53:51] INFO: Inside update_runtime.
[2023-10-02 17:53:52] INFO: Inside update_runtime.
[2023-10-02 17:53:53] INFO: Inside update_runtime.
[2023-10-02 17:53:54] INFO: Inside update_runtime.
[2023-10-02 17:53:55] INFO: Inside update_runtime.
[2023-10-02 17:53:56] INFO: Event added: Mouse moved.
[2023-10-02 17:53:56] INFO: Inside the while loop, should_run is True.
[2023-10-02 17:53:56] INFO: Inside update_runtime.
[2023-10-02 17:53:57] INFO: Inside update_runtime.
[2023-10-02 17:53:58] INFO: Inside update_runtime.
[2023-10-02 17:53:59] INFO: Inside update_runtime.
[2023-10-02 17:54:00] INFO: Inside update_runtime.
[2023-10-02 17:54:01] INFO: Inside update_runtime.
[2023-10-02 17:54:02] INFO: Event added: Mouse moved.
[2023-10-02 17:54:02] INFO: Inside the while loop, should_run is True.
[2023-10-02 17:54:02] INFO: Inside update_runtime.
[2023-10-02 17:54:03] INFO: Inside update_runtime.
[2023-10-02 17:54:04] INFO: Inside update_runtime.
[2023-10-02 17:54:05] INFO: Inside update_runtime.
[2023-10-02 17:54:06] INFO: Inside update_runtime.
[2023-10-02 17:54:07] INFO: Inside update_runtime.
[2023-10-02 17:54:08] INFO: Event added: Mouse moved.
[2023-10-02 17:54:08] INFO: Inside the while loop, should_run is True.
[2023-10-02 17:54:08] INFO: Inside update_runtime.
[2023-10-02 17:54:09] INFO: Inside update_runtime.
[2023-10-02 17:54:10] INFO: Inside update_runtime.
[2023-10-02 17:54:11] INFO: Inside update_runtime.
[2023-10-02 17:54:12] INFO: Inside update_runtime.
[2023-10-02 17:54:13] INFO: Inside update_runtime.
[2023-10-02 17:54:13] INFO: Event added: Mouse moved.
[2023-10-02 17:54:13] INFO: Inside the while loop, should_run is True.
[2023-10-02 17:54:14] INFO: Inside update_runtime.
[2023-10-02 17:54:15] INFO: Inside update_runtime.
[2023-10-02 17:54:16] INFO: Inside update_runtime.
[2023-10-02 17:54:17] INFO: Inside update_runtime.
[2023-10-02 17:54:18] INFO: Inside update_runtime.
[2023-10-02 17:54:19] INFO: Inside update_runtime.
[2023-10-02 17:54:19] INFO: Event added: Mouse moved.
[2023-10-02 17:54:19] INFO: Inside the while loop, should_run is True.
[2023-10-02 17:54:20] INFO: Inside update_runtime.
[2023-10-02 17:54:21] INFO: Inside update_runtime.
[2023-10-02 17:54:22] INFO: Inside update_runtime.
[2023-10-02 17:54:23] INFO: Inside update_runtime.
[2023-10-02 17:54:24] INFO: Inside update_runtime.
[2023-10-02 17:54:25] INFO: Inside update_runtime.
[2023-10-02 17:54:25] INFO: Event added: Mouse moved.
[2023-10-02 17:54:25] INFO: Inside the while loop, should_run is True.
[2023-10-02 17:54:26] INFO: Inside update_runtime.
[2023-10-02 17:54:27] INFO: Inside update_runtime.
[2023-10-02 17:54:28] INFO: Inside update_runtime.
[2023-10-02 17:54:29] INFO: Inside update_runtime.
[2023-10-02 17:54:30] INFO: Inside update_runtime.
[2023-10-02 17:54:31] INFO: Inside update_runtime.
[2023-10-02 17:54:31] INFO: Event added: Mouse moved.
[2023-10-02 17:54:31] INFO: Inside the while loop, should_run is True.
[2023-10-02 17:54:32] INFO: Inside update_runtime.
[2023-10-02 17:54:33] INFO: Inside update_runtime.
[2023-10-02 17:54:34] INFO: Inside update_runtime.
[2023-10-02 17:54:35] INFO: Inside update_runtime.
[2023-10-02 17:54:36] INFO: Inside update_runtime.
[2023-10-02 17:54:37] INFO: Inside update_runtime.
[2023-10-02 17:54:37] INFO: Event added: Mouse moved.
[2023-10-02 17:54:37] INFO: Inside the while loop, should_run is True.
[2023-10-02 17:54:38] INFO: Inside update_runtime.
[2023-10-02 17:54:39] INFO: Inside update_runtime.
[2023-10-02 17:54:40] INFO: Inside update_runtime.
[2023-10-02 17:54:41] INFO: Inside update_runtime.
[2023-10-02 17:54:42] INFO: Inside update_runtime.
[2023-10-02 17:54:43] INFO: Event added: Mouse moved.
[2023-10-02 17:54:43] INFO: Inside the while loop, should_run is True.
[2023-10-02 17:54:43] INFO: Inside update_runtime.
[2023-10-02 17:54:44] INFO: Inside update_runtime.
[2023-10-02 17:54:45] INFO: Inside update_runtime.
[2023-10-02 17:54:46] INFO: Inside update_runtime.
[2023-10-02 17:54:47] INFO: Inside update_runtime.
[2023-10-02 17:54:48] INFO: Inside update_runtime.
[2023-10-02 17:54:49] INFO: Event added: Mouse moved.
[2023-10-02 17:54:49] INFO: Inside the while loop, should_run is True.
[2023-10-02 17:54:49] INFO: Inside update_runtime.
[2023-10-02 17:54:50] INFO: Inside update_runtime.
[2023-10-02 17:54:51] INFO: Inside update_runtime.
[2023-10-02 17:54:52] INFO: Inside update_runtime.
[2023-10-02 17:54:53] INFO: Inside update_runtime.
[2023-10-02 17:54:54] INFO: Inside update_runtime.
[2023-10-02 17:54:55] INFO: Event added: Mouse moved.
[2023-10-02 17:54:55] INFO: Inside the while loop, should_run is True.
[2023-10-02 17:54:55] INFO: Inside update_runtime.
[2023-10-02 17:54:56] INFO: Inside update_runtime.
[2023-10-02 17:54:57] INFO: Inside update_runtime.
[2023-10-02 17:54:58] INFO: Inside update_runtime.
[2023-10-02 17:54:59] INFO: Inside update_runtime.
[2023-10-02 17:55:00] INFO: Inside update_runtime.
[2023-10-02 17:55:01] INFO: Event added: Mouse moved.
[2023-10-02 17:55:01] INFO: Inside the while loop, should_run is True.
[2023-10-02 17:55:01] INFO: Inside update_runtime.
[2023-10-02 17:55:02] INFO: Inside update_runtime.
[2023-10-02 17:55:03] INFO: Inside update_runtime.
[2023-10-02 17:55:04] INFO: Inside update_runtime.
[2023-10-02 17:55:05] INFO: Inside update_runtime.
[2023-10-02 17:55:06] INFO: Inside update_runtime.
[2023-10-02 17:55:06] INFO: Event added: Mouse moved.
[2023-10-02 17:55:06] INFO: Inside the while loop, should_run is True.
[2023-10-02 17:55:07] INFO: Inside update_runtime.
[2023-10-02 17:55:08] INFO: Inside update_runtime.
[2023-10-02 17:55:09] INFO: Inside update_runtime.
[2023-10-02 17:55:10] INFO: Inside update_runtime.
[2023-10-02 17:55:11] INFO: Inside update_runtime.
[2023-10-02 17:55:12] INFO: Inside update_runtime.
[2023-10-02 17:55:12] INFO: Event added: Mouse moved.
[2023-10-02 17:55:12] INFO: Inside the while loop, should_run is True.
[2023-10-02 17:55:13] INFO: Inside update_runtime.
[2023-10-02 17:55:14] INFO: Inside update_runtime.
[2023-10-02 17:55:15] INFO: Inside update_runtime.
[2023-10-02 17:55:16] INFO: Inside update_runtime.
[2023-10-02 17:55:17] INFO: Inside update_runtime.
[2023-10-02 17:55:18] INFO: Inside update_runtime.
[2023-10-02 17:55:18] INFO: Event added: Mouse moved.
[2023-10-02 17:55:18] INFO: Inside the while loop, should_run is True.
[2023-10-02 17:55:19] INFO: Inside update_runtime.
[2023-10-02 17:55:20] INFO: Inside update_runtime.
[2023-10-02 17:55:21] INFO: Inside update_runtime.
[2023-10-02 17:55:22] INFO: Inside update_runtime.
[2023-10-02 17:55:23] INFO: Inside update_runtime.
[2023-10-02 17:55:24] INFO: Inside update_runtime.
[2023-10-02 17:55:24] INFO: Event added: Mouse moved.
[2023-10-02 17:55:24] INFO: Inside the while loop, should_run is True.
[2023-10-02 17:55:25] INFO: Inside update_runtime.
[2023-10-02 17:55:26] INFO: Inside update_runtime.
[2023-10-02 17:55:27] INFO: Inside update_runtime.
[2023-10-02 17:55:28] INFO: Inside update_runtime.
[2023-10-02 17:55:29] INFO: Inside update_runtime.
[2023-10-02 17:55:30] INFO: Event added: Mouse moved.
[2023-10-02 17:55:30] INFO: Inside the while loop, should_run is True.
[2023-10-02 17:55:30] INFO: Inside update_runtime.
[2023-10-02 17:55:31] INFO: Inside update_runtime.
[2023-10-02 17:55:32] INFO: Inside update_runtime.
[2023-10-02 17:55:33] INFO: Inside update_runtime.
[2023-10-02 17:55:34] INFO: Inside update_runtime.
[2023-10-02 17:55:35] INFO: Inside update_runtime.
[2023-10-02 17:55:36] INFO: Event added: Mouse moved.
[2023-10-02 17:55:36] INFO: Inside the while loop, should_run is True.
[2023-10-02 17:55:36] INFO: Inside update_runtime.
[2023-10-02 17:55:37] INFO: Inside update_runtime.
[2023-10-02 17:55:38] INFO: Inside update_runtime.
[2023-10-02 17:55:39] INFO: Inside update_runtime.
[2023-10-02 17:55:40] INFO: Inside update_runtime.
[2023-10-02 17:55:41] INFO: Inside update_runtime.
[2023-10-02 17:55:42] INFO: Event added: Mouse moved.
[2023-10-02 17:55:42] INFO: Inside the while loop, should_run is True.
[2023-10-02 17:55:42] INFO: Inside update_runtime.
[2023-10-02 17:55:43] INFO: Inside update_runtime.
[2023-10-02 17:55:44] INFO: Inside update_runtime.
[2023-10-02 17:55:45] INFO: Inside update_runtime.
[2023-10-02 17:55:46] INFO: Inside update_runtime.
[2023-10-02 17:55:47] INFO: Inside update_runtime.
[2023-10-02 17:55:48] INFO: Event added: Mouse moved.
[2023-10-02 17:55:48] INFO: Inside the while loop, should_run is True.
[2023-10-02 17:55:48] INFO: Inside update_runtime.
[2023-10-02 17:55:49] INFO: Inside update_runtime.
[2023-10-02 17:55:50] INFO: Inside update_runtime.
[2023-10-02 17:55:51] INFO: Inside update_runtime.
[2023-10-02 17:55:52] INFO: Inside update_runtime.
[2023-10-02 17:55:53] INFO: Inside update_runtime.
[2023-10-02 17:55:54] INFO: Event added: Mouse moved.
[2023-10-02 17:55:54] INFO: Inside the while loop, should_run is True.
[2023-10-02 17:55:54] INFO: Inside update_runtime.
[2023-10-02 17:55:55] INFO: Inside update_runtime.
[2023-10-02 17:55:56] INFO: Inside update_runtime.
[2023-10-02 17:55:57] INFO: Inside update_runtime.
[2023-10-02 17:55:58] INFO: Inside update_runtime.
[2023-10-02 17:55:59] INFO: Inside update_runtime.
[2023-10-02 17:55:59] INFO: Event added: Mouse moved.
[2023-10-02 17:55:59] INFO: Inside the while loop, should_run is True.
[2023-10-02 17:56:00] INFO: Inside update_runtime.
[2023-10-02 17:56:01] INFO: Inside update_runtime.
[2023-10-02 17:56:02] INFO: Inside update_runtime.
[2023-10-02 17:56:03] INFO: Inside update_runtime.
[2023-10-02 17:56:04] INFO: Inside update_runtime.
[2023-10-02 17:56:05] INFO: Inside update_runtime.
[2023-10-02 17:56:05] INFO: Event added: Mouse moved.
[2023-10-02 17:56:05] INFO: Inside the while loop, should_run is True.
[2023-10-02 17:56:06] INFO: Inside update_runtime.
[2023-10-02 17:56:07] INFO: Inside update_runtime.
[2023-10-02 17:56:08] INFO: Inside update_runtime.
[2023-10-02 17:56:09] INFO: Inside update_runtime.
[2023-10-02 17:56:10] INFO: Inside update_runtime.
[2023-10-02 17:56:11] INFO: Inside update_runtime.
[2023-10-02 17:56:11] INFO: Event added: Mouse moved.
[2023-10-02 17:56:11] INFO: Inside the while loop, should_run is True.
[2023-10-02 17:56:12] INFO: Inside update_runtime.
[2023-10-02 17:56:13] INFO: Inside update_runtime.
[2023-10-02 17:56:14] INFO: Inside update_runtime.
[2023-10-02 17:56:15] INFO: Inside update_runtime.
[2023-10-02 17:56:16] INFO: Inside update_runtime.
[2023-10-02 17:56:17] INFO: Event added: Mouse moved.
[2023-10-02 17:56:17] INFO: Inside the while loop, should_run is True.
[2023-10-02 17:56:17] INFO: Inside update_runtime.
[2023-10-02 17:56:18] INFO: Inside update_runtime.
[2023-10-02 17:56:19] INFO: Inside update_runtime.
[2023-10-02 17:56:20] INFO: Inside update_runtime.
[2023-10-02 17:56:21] INFO: Inside update_runtime.
[2023-10-02 17:56:22] INFO: Inside update_runtime.
[2023-10-02 17:56:23] INFO: Event added: Mouse moved.
[2023-10-02 17:56:23] INFO: Inside the while loop, should_run is True.
[2023-10-02 17:56:23] INFO: Inside update_runtime.
[2023-10-02 17:56:24] INFO: Inside update_runtime.
[2023-10-02 17:56:25] INFO: Inside update_runtime.
[2023-10-02 17:56:26] INFO: Inside update_runtime.
[2023-10-02 17:56:27] INFO: Inside update_runtime.
[2023-10-02 17:56:28] INFO: Inside update_runtime.
[2023-10-02 17:56:29] INFO: Event added: Mouse moved.
[2023-10-02 17:56:29] INFO: Inside the while loop, should_run is True.
[2023-10-02 17:56:29] INFO: Inside update_runtime.
[2023-10-02 17:56:30] INFO: Inside update_runtime.
[2023-10-02 17:56:31] INFO: Inside update_runtime.
[2023-10-02 17:56:32] INFO: Inside update_runtime.
[2023-10-02 17:56:33] INFO: Inside update_runtime.
[2023-10-02 17:56:34] INFO: Inside update_runtime.
[2023-10-02 17:56:35] INFO: Event added: Mouse moved.
[2023-10-02 17:56:35] INFO: Inside the while loop, should_run is True.
[2023-10-02 17:56:35] INFO: Inside update_runtime.
[2023-10-02 17:56:36] INFO: Inside update_runtime.
[2023-10-02 17:56:37] INFO: Inside update_runtime.
[2023-10-02 17:56:38] INFO: Inside update_runtime.
[2023-10-02 17:56:39] INFO: Inside update_runtime.
[2023-10-02 17:56:40] INFO: Inside update_runtime.
[2023-10-02 17:56:41] INFO: Event added: Mouse moved.
[2023-10-02 17:56:41] INFO: Inside the while loop, should_run is True.
[2023-10-02 17:56:41] INFO: Inside update_runtime.
[2023-10-02 17:56:42] INFO: Inside update_runtime.
[2023-10-02 17:56:43] INFO: Inside update_runtime.
[2023-10-02 17:56:44] INFO: Inside update_runtime.
[2023-10-02 17:56:45] INFO: Inside update_runtime.
[2023-10-02 17:56:46] INFO: Inside update_runtime.
[2023-10-02 17:56:46] INFO: Event added: Mouse moved.
[2023-10-02 17:56:46] INFO: Inside the while loop, should_run is True.
[2023-10-02 17:56:47] INFO: Inside update_runtime.
[2023-10-02 17:56:48] INFO: Inside update_runtime.
[2023-10-02 17:56:49] INFO: Inside update_runtime.
[2023-10-02 17:56:50] INFO: Inside update_runtime.
[2023-10-02 17:56:51] INFO: Inside update_runtime.
[2023-10-02 17:56:52] INFO: Inside update_runtime.
[2023-10-02 17:56:52] INFO: Event added: Mouse moved.
[2023-10-02 17:56:52] INFO: Inside the while loop, should_run is True.
[2023-10-02 17:56:53] INFO: Inside update_runtime.
[2023-10-02 17:56:54] INFO: Inside update_runtime.
[2023-10-02 17:56:55] INFO: Inside update_runtime.
[2023-10-02 17:56:56] INFO: Inside update_runtime.
[2023-10-02 17:56:57] INFO: Inside update_runtime.
[2023-10-02 17:56:58] INFO: Inside update_runtime.
[2023-10-02 17:56:58] INFO: Event added: Mouse moved.
[2023-10-02 17:56:58] INFO: Inside the while loop, should_run is True.
[2023-10-02 17:56:59] INFO: Inside update_runtime.
[2023-10-02 17:57:00] INFO: Inside update_runtime.
[2023-10-02 17:57:01] INFO: Inside update_runtime.
[2023-10-02 17:57:02] INFO: Inside update_runtime.
[2023-10-02 17:57:03] INFO: Inside update_runtime.
[2023-10-02 17:57:04] INFO: Event added: Mouse moved.
[2023-10-02 17:57:04] INFO: Inside the while loop, should_run is True.
[2023-10-02 17:57:04] INFO: Inside update_runtime.
[2023-10-02 17:57:05] INFO: Inside update_runtime.
[2023-10-02 17:57:06] INFO: Inside update_runtime.
[2023-10-02 17:57:07] INFO: Inside update_runtime.
[2023-10-02 17:57:08] INFO: Inside update_runtime.
[2023-10-02 17:57:09] INFO: Inside update_runtime.
[2023-10-02 17:57:10] INFO: Event added: Mouse moved.
[2023-10-02 17:57:10] INFO: Inside the while loop, should_run is True.
[2023-10-02 17:57:10] INFO: Inside update_runtime.
[2023-10-02 17:57:11] INFO: Inside update_runtime.
[2023-10-02 17:57:12] INFO: Inside update_runtime.
[2023-10-02 17:57:13] INFO: Inside update_runtime.
[2023-10-02 17:57:14] INFO: Inside update_runtime.
[2023-10-02 17:57:15] INFO: Inside update_runtime.
[2023-10-02 17:57:16] INFO: Event added: Mouse moved.
[2023-10-02 17:57:16] INFO: Inside the while loop, should_run is True.
[2023-10-02 17:57:16] INFO: Inside update_runtime.
[2023-10-02 17:57:17] INFO: Inside update_runtime.
[2023-10-02 17:57:18] INFO: Inside update_runtime.
[2023-10-02 17:57:19] INFO: Inside update_runtime.
[2023-10-02 17:57:20] INFO: Inside update_runtime.
[2023-10-02 17:57:21] INFO: Inside update_runtime.
[2023-10-02 17:57:22] INFO: Event added: Mouse moved.
[2023-10-02 17:57:22] INFO: Inside the while loop, should_run is True.
[2023-10-02 17:57:22] INFO: Inside update_runtime.
[2023-10-02 17:57:23] INFO: Inside update_runtime.
[2023-10-02 17:57:24] INFO: Inside update_runtime.
[2023-10-02 17:57:25] INFO: Inside update_runtime.
[2023-10-02 17:57:26] INFO: Inside update_runtime.
[2023-10-02 17:57:27] INFO: Inside update_runtime.
[2023-10-02 17:57:28] INFO: Event added: Mouse moved.
[2023-10-02 17:57:28] INFO: Inside the while loop, should_run is True.
[2023-10-02 17:57:28] INFO: Inside update_runtime.
[2023-10-02 17:57:29] INFO: Inside update_runtime.
[2023-10-02 17:57:30] INFO: Inside update_runtime.
[2023-10-02 17:57:31] INFO: Inside update_runtime.
[2023-10-02 17:57:32] INFO: Inside update_runtime.
[2023-10-02 17:57:33] INFO: Inside update_runtime.
[2023-10-02 17:57:34] INFO: Event added: Mouse moved.
[2023-10-02 17:57:34] INFO: Inside the while loop, should_run is True.
[2023-10-02 17:57:34] INFO: Inside update_runtime.
[2023-10-02 17:57:35] INFO: Inside update_runtime.
[2023-10-02 17:57:36] INFO: Inside update_runtime.
[2023-10-02 17:57:37] INFO: Inside update_runtime.
[2023-10-02 17:57:38] INFO: Inside update_runtime.
[2023-10-02 17:57:39] INFO: Inside update_runtime.
[2023-10-02 17:57:39] INFO: Event added: Mouse moved.
[2023-10-02 17:57:39] INFO: Inside the while loop, should_run is True.
[2023-10-02 17:57:40] INFO: Inside update_runtime.
[2023-10-02 17:57:41] INFO: Inside update_runtime.
[2023-10-02 17:57:42] INFO: Inside update_runtime.
[2023-10-02 17:57:43] INFO: Inside update_runtime.
[2023-10-02 17:57:44] INFO: Inside update_runtime.
[2023-10-02 17:57:45] INFO: Event added: Mouse moved.
[2023-10-02 17:57:45] INFO: Inside the while loop, should_run is True.
[2023-10-02 17:57:45] INFO: Inside update_runtime.
[2023-10-02 17:57:46] INFO: Inside update_runtime.
[2023-10-02 17:57:47] INFO: Inside update_runtime.
[2023-10-02 17:57:48] INFO: Inside update_runtime.
[2023-10-02 17:57:49] INFO: Inside update_runtime.
[2023-10-02 17:57:50] INFO: Inside update_runtime.
[2023-10-02 17:57:51] INFO: Event added: Mouse moved.
[2023-10-02 17:57:51] INFO: Inside the while loop, should_run is True.
[2023-10-02 17:57:51] INFO: Inside update_runtime.
[2023-10-02 17:57:52] INFO: Inside update_runtime.
[2023-10-02 17:57:53] INFO: Inside update_runtime.
[2023-10-02 17:57:54] INFO: Inside update_runtime.
[2023-10-02 17:57:55] INFO: Inside update_runtime.
[2023-10-02 17:57:56] INFO: Inside update_runtime.
[2023-10-02 17:57:57] INFO: Event added: Mouse moved.
[2023-10-02 17:57:57] INFO: Inside the while loop, should_run is True.
[2023-10-02 17:57:57] INFO: Inside update_runtime.
[2023-10-02 17:57:58] INFO: Inside update_runtime.
[2023-10-02 17:57:59] INFO: Inside update_runtime.
[2023-10-02 17:58:00] INFO: Inside update_runtime.
[2023-10-02 17:58:01] INFO: Inside update_runtime.
[2023-10-02 17:58:02] INFO: Inside update_runtime.
[2023-10-02 17:58:03] INFO: Event added: Mouse moved.
[2023-10-02 17:58:03] INFO: Inside the while loop, should_run is True.
[2023-10-02 17:58:03] INFO: Inside update_runtime.
[2023-10-02 17:58:04] INFO: Inside update_runtime.
[2023-10-02 17:58:05] INFO: Inside update_runtime.
[2023-10-02 17:58:06] INFO: Inside update_runtime.
[2023-10-02 17:58:07] INFO: Inside update_runtime.
[2023-10-02 17:58:08] INFO: Inside update_runtime.
[2023-10-02 17:58:09] INFO: Event added: Mouse moved.
[2023-10-02 17:58:09] INFO: Inside the while loop, should_run is True.
[2023-10-02 17:58:09] INFO: Inside update_runtime.
[2023-10-02 17:58:10] INFO: Inside update_runtime.
[2023-10-02 17:58:11] INFO: Inside update_runtime.
[2023-10-02 17:58:12] INFO: Inside update_runtime.
[2023-10-02 17:58:13] INFO: Inside update_runtime.
[2023-10-02 17:58:14] INFO: Inside update_runtime.
[2023-10-02 17:58:15] INFO: Event added: Mouse moved.
[2023-10-02 17:58:15] INFO: Inside the while loop, should_run is True.
[2023-10-02 17:58:15] INFO: Inside update_runtime.
[2023-10-02 17:58:16] INFO: Inside update_runtime.
[2023-10-02 17:58:17] INFO: Inside update_runtime.
[2023-10-02 17:58:18] INFO: Inside update_runtime.
[2023-10-02 17:58:19] INFO: Inside update_runtime.
[2023-10-02 17:58:20] INFO: Inside update_runtime.
[2023-10-02 17:58:21] INFO: Event added: Mouse moved.
[2023-10-02 17:58:21] INFO: Inside the while loop, should_run is True.
[2023-10-02 17:58:21] INFO: Inside update_runtime.
[2023-10-02 17:58:22] INFO: Inside update_runtime.
[2023-10-02 17:58:23] INFO: Inside update_runtime.
[2023-10-02 17:58:24] INFO: Inside update_runtime.
[2023-10-02 17:58:25] INFO: Inside update_runtime.
[2023-10-02 17:58:26] INFO: Inside update_runtime.
[2023-10-02 17:58:26] INFO: Event added: Mouse moved.
[2023-10-02 17:58:26] INFO: Inside the while loop, should_run is True.
[2023-10-02 17:58:27] INFO: Inside update_runtime.
[2023-10-02 17:58:28] INFO: Inside update_runtime.
[2023-10-02 17:58:29] INFO: Inside update_runtime.
[2023-10-02 17:58:30] INFO: Inside update_runtime.
[2023-10-02 17:58:31] INFO: Inside update_runtime.
[2023-10-02 17:58:32] INFO: Event added: Mouse moved.
[2023-10-02 17:58:32] INFO: Inside the while loop, should_run is True.
[2023-10-02 17:58:32] INFO: Inside update_runtime.
[2023-10-02 17:58:33] INFO: Inside update_runtime.
[2023-10-02 17:58:34] INFO: Inside update_runtime.
[2023-10-02 17:58:35] INFO: Inside update_runtime.
[2023-10-02 17:58:36] INFO: Inside update_runtime.
[2023-10-02 17:58:37] INFO: Inside update_runtime.
[2023-10-02 17:58:38] INFO: Event added: Mouse moved.
[2023-10-02 17:58:38] INFO: Inside the while loop, should_run is True.
[2023-10-02 17:58:38] INFO: Inside update_runtime.
[2023-10-02 17:58:39] INFO: Inside update_runtime.
[2023-10-02 17:58:40] INFO: Inside update_runtime.
[2023-10-02 17:58:41] INFO: Inside update_runtime.
[2023-10-02 17:58:42] INFO: Inside update_runtime.
[2023-10-02 17:58:43] INFO: Inside update_runtime.
[2023-10-02 17:58:44] INFO: Event added: Mouse moved.
[2023-10-02 17:58:44] INFO: Inside the while loop, should_run is True.
[2023-10-02 17:58:44] INFO: Inside update_runtime.
[2023-10-02 17:58:45] INFO: Inside update_runtime.
[2023-10-02 17:58:46] INFO: Inside update_runtime.
[2023-10-02 17:58:47] INFO: Inside update_runtime.
[2023-10-02 17:58:48] INFO: Inside update_runtime.
[2023-10-02 17:58:49] INFO: Inside update_runtime.
[2023-10-02 17:58:50] INFO: Event added: Mouse moved.
[2023-10-02 17:58:50] INFO: Inside the while loop, should_run is True.
[2023-10-02 17:58:50] INFO: Inside update_runtime.
[2023-10-02 17:58:51] INFO: Inside update_runtime.
[2023-10-02 17:58:52] INFO: Inside update_runtime.
[2023-10-02 17:58:53] INFO: Inside update_runtime.
[2023-10-02 17:58:54] INFO: Inside update_runtime.
[2023-10-02 17:58:55] INFO: Inside update_runtime.
[2023-10-02 17:58:56] INFO: Event added: Mouse moved.
[2023-10-02 17:58:56] INFO: Inside the while loop, should_run is True.
[2023-10-02 17:58:56] INFO: Inside update_runtime.
[2023-10-02 17:58:57] INFO: Inside update_runtime.
[2023-10-02 17:58:58] INFO: Inside update_runtime.
[2023-10-02 17:58:59] INFO: Inside update_runtime.
[2023-10-02 17:59:00] INFO: Inside update_runtime.
[2023-10-02 17:59:01] INFO: Inside update_runtime.
[2023-10-02 17:59:02] INFO: Event added: Mouse moved.
[2023-10-02 17:59:02] INFO: Inside the while loop, should_run is True.
[2023-10-02 17:59:02] INFO: Inside update_runtime.
[2023-10-02 17:59:03] INFO: Inside update_runtime.
[2023-10-02 17:59:04] INFO: Inside update_runtime.
[2023-10-02 17:59:05] INFO: Inside update_runtime.
[2023-10-02 17:59:06] INFO: Inside update_runtime.
[2023-10-02 17:59:07] INFO: Inside update_runtime.
[2023-10-02 17:59:08] INFO: Event added: Mouse moved.
[2023-10-02 17:59:08] INFO: Inside the while loop, should_run is True.
[2023-10-02 17:59:08] INFO: Inside update_runtime.
[2023-10-02 17:59:09] INFO: Inside update_runtime.
[2023-10-02 17:59:10] INFO: Inside update_runtime.
[2023-10-02 17:59:12] INFO: Inside update_runtime.
[2023-10-02 17:59:13] INFO: Inside update_runtime.
[2023-10-02 17:59:13] INFO: Event added: Mouse moved.
[2023-10-02 17:59:13] INFO: Inside the while loop, should_run is True.
[2023-10-02 17:59:14] INFO: Inside update_runtime.
[2023-10-02 17:59:15] INFO: Inside update_runtime.
[2023-10-02 17:59:16] INFO: Inside update_runtime.
[2023-10-02 17:59:17] INFO: Inside update_runtime.
[2023-10-02 17:59:18] INFO: Inside update_runtime.
[2023-10-02 17:59:19] INFO: Inside update_runtime.
[2023-10-02 17:59:19] INFO: Event added: Mouse moved.
[2023-10-02 17:59:19] INFO: Inside the while loop, should_run is True.
[2023-10-02 17:59:20] INFO: Inside update_runtime.
[2023-10-02 17:59:21] INFO: Inside update_runtime.
[2023-10-02 17:59:22] INFO: Inside update_runtime.
[2023-10-02 17:59:23] INFO: Inside update_runtime.
[2023-10-02 17:59:24] INFO: Inside update_runtime.
[2023-10-02 17:59:25] INFO: Inside update_runtime.
[2023-10-02 17:59:25] INFO: Event added: Mouse moved.
[2023-10-02 17:59:25] INFO: Inside the while loop, should_run is True.
[2023-10-02 17:59:26] INFO: Inside update_runtime.
[2023-10-02 17:59:27] INFO: Inside update_runtime.
[2023-10-02 17:59:28] INFO: Inside update_runtime.
[2023-10-02 17:59:29] INFO: Inside update_runtime.
[2023-10-02 17:59:30] INFO: Inside update_runtime.
[2023-10-02 17:59:31] INFO: Inside update_runtime.
[2023-10-02 17:59:31] INFO: Event added: Mouse moved.
[2023-10-02 17:59:31] INFO: Inside the while loop, should_run is True.
[2023-10-02 17:59:32] INFO: Inside update_runtime.
[2023-10-02 17:59:33] INFO: Inside update_runtime.
[2023-10-02 17:59:34] INFO: Inside update_runtime.
[2023-10-02 17:59:35] INFO: Inside update_runtime.
[2023-10-02 17:59:36] INFO: Inside update_runtime.
[2023-10-02 17:59:37] INFO: Inside update_runtime.
[2023-10-02 17:59:37] INFO: Event added: Mouse moved.
[2023-10-02 17:59:37] INFO: Inside the while loop, should_run is True.
[2023-10-02 17:59:38] INFO: Inside update_runtime.
[2023-10-02 17:59:39] INFO: Inside update_runtime.
[2023-10-02 17:59:40] INFO: Inside update_runtime.
[2023-10-02 17:59:41] INFO: Inside update_runtime.
[2023-10-02 17:59:42] INFO: Inside update_runtime.
[2023-10-02 17:59:43] INFO: Inside update_runtime.
[2023-10-02 17:59:43] INFO: Event added: Mouse moved.
[2023-10-02 17:59:43] INFO: Inside the while loop, should_run is True.
[2023-10-02 17:59:44] INFO: Inside update_runtime.
[2023-10-02 17:59:45] INFO: Inside update_runtime.
[2023-10-02 17:59:46] INFO: Inside update_runtime.
[2023-10-02 17:59:47] INFO: Inside update_runtime.
[2023-10-02 17:59:48] INFO: Inside update_runtime.
[2023-10-02 17:59:49] INFO: Inside update_runtime.
[2023-10-02 17:59:49] INFO: Event added: Mouse moved.
[2023-10-02 17:59:49] INFO: Inside the while loop, should_run is True.
[2023-10-02 17:59:50] INFO: Inside update_runtime.
[2023-10-02 17:59:51] INFO: Inside update_runtime.
[2023-10-02 17:59:52] INFO: Inside update_runtime.
[2023-10-02 17:59:53] INFO: Inside update_runtime.
[2023-10-02 17:59:54] INFO: Inside update_runtime.
[2023-10-02 17:59:55] INFO: Inside update_runtime.
[2023-10-02 17:59:55] INFO: Event added: Mouse moved.
[2023-10-02 17:59:55] INFO: Inside the while loop, should_run is True.
[2023-10-02 17:59:56] INFO: Inside update_runtime.
[2023-10-02 17:59:57] INFO: Inside update_runtime.
[2023-10-02 17:59:58] INFO: Inside update_runtime.
[2023-10-02 17:59:59] INFO: Inside update_runtime.
[2023-10-02 18:00:00] INFO: Inside update_runtime.
[2023-10-02 18:00:01] INFO: Event added: Mouse moved.
[2023-10-02 18:00:01] INFO: Inside the while loop, should_run is True.
[2023-10-02 18:00:01] INFO: Inside update_runtime.
[2023-10-02 18:00:02] INFO: Inside update_runtime.
[2023-10-02 18:00:03] INFO: Inside update_runtime.
[2023-10-02 18:00:04] INFO: Inside update_runtime.
[2023-10-02 18:00:05] INFO: Inside update_runtime.
[2023-10-02 18:00:06] INFO: Inside update_runtime.
[2023-10-02 18:00:06] INFO: Event added: Mouse moved.
[2023-10-02 18:00:06] INFO: Inside the while loop, should_run is True.
[2023-10-02 18:00:07] INFO: Inside update_runtime.
[2023-10-02 18:00:08] INFO: Inside update_runtime.
[2023-10-02 18:00:09] INFO: Inside update_runtime.
[2023-10-02 18:00:10] INFO: Inside update_runtime.
[2023-10-02 18:00:11] INFO: Inside update_runtime.
[2023-10-02 18:00:12] INFO: Inside update_runtime.
[2023-10-02 18:00:12] INFO: Event added: Mouse moved.
[2023-10-02 18:00:12] INFO: Inside the while loop, should_run is True.
[2023-10-02 18:00:13] INFO: Inside update_runtime.
[2023-10-02 18:00:14] INFO: Inside update_runtime.
[2023-10-02 18:00:15] INFO: Inside update_runtime.
[2023-10-02 18:00:16] INFO: Inside update_runtime.
[2023-10-02 18:00:17] INFO: Inside update_runtime.
[2023-10-02 18:00:18] INFO: Inside update_runtime.
[2023-10-02 18:00:18] INFO: Event added: Mouse moved.
[2023-10-02 18:00:18] INFO: Inside the while loop, should_run is True.
[2023-10-02 18:00:19] INFO: Inside update_runtime.
[2023-10-02 18:00:20] INFO: Inside update_runtime.
[2023-10-02 18:00:21] INFO: Inside update_runtime.
[2023-10-02 18:00:22] INFO: Inside update_runtime.
[2023-10-02 18:00:23] INFO: Inside update_runtime.
[2023-10-02 18:00:24] INFO: Inside update_runtime.
[2023-10-02 18:00:24] INFO: Event added: Mouse moved.
[2023-10-02 18:00:24] INFO: Inside the while loop, should_run is True.
[2023-10-02 18:00:25] INFO: Inside update_runtime.
[2023-10-02 18:00:26] INFO: Inside update_runtime.
[2023-10-02 18:00:27] INFO: Inside update_runtime.
[2023-10-02 18:00:28] INFO: Inside update_runtime.
[2023-10-02 18:00:29] INFO: Inside update_runtime.
[2023-10-02 18:00:30] INFO: Inside update_runtime.
[2023-10-02 18:00:30] INFO: Event added: Mouse moved.
[2023-10-02 18:00:30] INFO: Inside the while loop, should_run is True.
[2023-10-02 18:00:31] INFO: Inside update_runtime.
[2023-10-02 18:00:32] INFO: Inside update_runtime.
[2023-10-02 18:00:33] INFO: Inside update_runtime.
[2023-10-02 18:00:34] INFO: Inside update_runtime.
[2023-10-02 18:00:35] INFO: Inside update_runtime.
[2023-10-02 18:00:36] INFO: Inside update_runtime.
[2023-10-02 18:00:36] INFO: Event added: Mouse moved.
[2023-10-02 18:00:36] INFO: Inside the while loop, should_run is True.
[2023-10-02 18:00:37] INFO: Inside update_runtime.
[2023-10-02 18:00:38] INFO: Inside update_runtime.
[2023-10-02 18:00:39] INFO: Inside update_runtime.
[2023-10-02 18:00:40] INFO: Inside update_runtime.
[2023-10-02 18:00:41] INFO: Inside update_runtime.
[2023-10-02 18:00:42] INFO: Inside update_runtime.
[2023-10-02 18:00:42] INFO: Event added: Mouse moved.
[2023-10-02 18:00:42] INFO: Inside the while loop, should_run is True.
[2023-10-02 18:00:43] INFO: Inside update_runtime.
[2023-10-02 18:00:44] INFO: Inside update_runtime.
[2023-10-02 18:00:45] INFO: Inside update_runtime.
[2023-10-02 18:00:46] INFO: Inside update_runtime.
[2023-10-02 18:00:47] INFO: Inside update_runtime.
[2023-10-02 18:00:48] INFO: Event added: Mouse moved.
[2023-10-02 18:00:48] INFO: Inside the while loop, should_run is True.
[2023-10-02 18:00:48] INFO: Inside update_runtime.
[2023-10-02 18:00:49] INFO: Inside update_runtime.
[2023-10-02 18:00:50] INFO: Inside update_runtime.
[2023-10-02 18:00:51] INFO: Inside update_runtime.
[2023-10-02 18:00:52] INFO: Inside update_runtime.
[2023-10-02 18:00:53] INFO: Inside update_runtime.
[2023-10-02 18:00:53] INFO: Event added: Mouse moved.
[2023-10-02 18:00:53] INFO: Inside the while loop, should_run is True.
[2023-10-02 18:00:54] INFO: Inside update_runtime.
[2023-10-02 18:00:55] INFO: Inside update_runtime.
[2023-10-02 18:00:56] INFO: Inside update_runtime.
[2023-10-02 18:00:57] INFO: Inside update_runtime.
[2023-10-02 18:00:58] INFO: Inside update_runtime.
[2023-10-02 18:00:59] INFO: Inside update_runtime.
[2023-10-02 18:00:59] INFO: Event added: Mouse moved.
[2023-10-02 18:00:59] INFO: Inside the while loop, should_run is True.
[2023-10-02 18:01:00] INFO: Inside update_runtime.
[2023-10-02 18:01:01] INFO: Inside update_runtime.
[2023-10-02 18:01:02] INFO: Inside update_runtime.
[2023-10-02 18:01:03] INFO: Inside update_runtime.
[2023-10-02 18:01:04] INFO: Inside update_runtime.
[2023-10-02 18:01:05] INFO: Inside update_runtime.
[2023-10-02 18:01:05] INFO: Event added: Mouse moved.
[2023-10-02 18:01:05] INFO: Inside the while loop, should_run is True.
[2023-10-02 18:01:06] INFO: Inside update_runtime.
[2023-10-02 18:01:07] INFO: Inside update_runtime.
[2023-10-02 18:01:08] INFO: Inside update_runtime.
[2023-10-02 18:01:09] INFO: Inside update_runtime.
[2023-10-02 18:01:10] INFO: Inside update_runtime.
[2023-10-02 18:01:11] INFO: Inside update_runtime.
[2023-10-02 18:01:11] INFO: Event added: Mouse moved.
[2023-10-02 18:01:11] INFO: Inside the while loop, should_run is True.
[2023-10-02 18:01:12] INFO: Inside update_runtime.
[2023-10-02 18:01:13] INFO: Inside update_runtime.
[2023-10-02 18:01:14] INFO: Inside update_runtime.
[2023-10-02 18:01:15] INFO: Inside update_runtime.
[2023-10-02 18:01:16] INFO: Inside update_runtime.
[2023-10-02 18:01:17] INFO: Inside update_runtime.
[2023-10-02 18:01:17] INFO: Event added: Mouse moved.
[2023-10-02 18:01:17] INFO: Inside the while loop, should_run is True.
[2023-10-02 18:01:18] INFO: Inside update_runtime.
[2023-10-02 18:01:19] INFO: Inside update_runtime.
[2023-10-02 18:01:20] INFO: Inside update_runtime.
[2023-10-02 18:01:21] INFO: Inside update_runtime.
[2023-10-02 18:01:22] INFO: Inside update_runtime.
[2023-10-02 18:01:23] INFO: Inside update_runtime.
[2023-10-02 18:01:23] INFO: Event added: Mouse moved.
[2023-10-02 18:01:23] INFO: Inside the while loop, should_run is True.
[2023-10-02 18:01:24] INFO: Inside update_runtime.
[2023-10-02 18:01:25] INFO: Inside update_runtime.
[2023-10-02 18:01:26] INFO: Inside update_runtime.
[2023-10-02 18:01:27] INFO: Inside update_runtime.
[2023-10-02 18:01:28] INFO: Inside update_runtime.
[2023-10-02 18:01:29] INFO: Inside update_runtime.
[2023-10-02 18:01:29] INFO: Event added: Mouse moved.
[2023-10-02 18:01:29] INFO: Inside the while loop, should_run is True.
[2023-10-02 18:01:30] INFO: Inside update_runtime.
[2023-10-02 18:01:31] INFO: Inside update_runtime.
[2023-10-02 18:01:32] INFO: Inside update_runtime.
[2023-10-02 18:01:33] INFO: Inside update_runtime.
[2023-10-02 18:01:34] INFO: Inside update_runtime.
[2023-10-02 18:01:35] INFO: Event added: Mouse moved.
[2023-10-02 18:01:35] INFO: Inside the while loop, should_run is True.
[2023-10-02 18:01:35] INFO: Inside update_runtime.
[2023-10-02 18:01:36] INFO: Inside update_runtime.
[2023-10-02 18:01:37] INFO: Inside update_runtime.
[2023-10-02 18:01:38] INFO: Inside update_runtime.
[2023-10-02 18:01:39] INFO: Inside update_runtime.
[2023-10-02 18:01:40] INFO: Inside update_runtime.
[2023-10-02 18:01:41] INFO: Event added: Mouse moved.
[2023-10-02 18:01:41] INFO: Inside the while loop, should_run is True.
[2023-10-02 18:01:41] INFO: Inside update_runtime.
[2023-10-02 18:01:42] INFO: Inside update_runtime.
[2023-10-02 18:01:43] INFO: Inside update_runtime.
[2023-10-02 18:01:44] INFO: Inside update_runtime.
[2023-10-02 18:01:45] INFO: Inside update_runtime.
[2023-10-02 18:01:46] INFO: Inside update_runtime.
[2023-10-02 18:01:46] INFO: Event added: Mouse moved.
[2023-10-02 18:01:46] INFO: Inside the while loop, should_run is True.
[2023-10-02 18:01:47] INFO: Inside update_runtime.
[2023-10-02 18:01:48] INFO: Inside update_runtime.
[2023-10-02 18:01:49] INFO: Inside update_runtime.
[2023-10-02 18:01:50] INFO: Inside update_runtime.
[2023-10-02 18:01:51] INFO: Inside update_runtime.
[2023-10-02 18:01:52] INFO: Inside update_runtime.
[2023-10-02 18:01:52] INFO: Event added: Mouse moved.
[2023-10-02 18:01:52] INFO: Inside the while loop, should_run is True.
[2023-10-02 18:01:53] INFO: Inside update_runtime.
[2023-10-02 18:01:54] INFO: Inside update_runtime.
[2023-10-02 18:01:55] INFO: Inside update_runtime.
[2023-10-02 18:01:56] INFO: Inside update_runtime.
[2023-10-02 18:01:57] INFO: Inside update_runtime.
[2023-10-02 18:01:58] INFO: Inside update_runtime.
[2023-10-02 18:01:58] INFO: Event added: Mouse moved.
[2023-10-02 18:01:58] INFO: Inside the while loop, should_run is True.
[2023-10-02 18:01:59] INFO: Inside update_runtime.
[2023-10-02 18:02:00] INFO: Inside update_runtime.
[2023-10-02 18:02:01] INFO: Inside update_runtime.
[2023-10-02 18:02:02] INFO: Inside update_runtime.
[2023-10-02 18:02:03] INFO: Inside update_runtime.
[2023-10-02 18:02:04] INFO: Inside update_runtime.
[2023-10-02 18:02:04] INFO: Event added: Mouse moved.
[2023-10-02 18:02:04] INFO: Inside the while loop, should_run is True.
[2023-10-02 18:02:05] INFO: Inside update_runtime.
[2023-10-02 18:02:06] INFO: Inside update_runtime.
[2023-10-02 18:02:07] INFO: Inside update_runtime.
[2023-10-02 18:02:08] INFO: Inside update_runtime.
[2023-10-02 18:02:09] INFO: Inside update_runtime.
[2023-10-02 18:02:10] INFO: Inside update_runtime.
[2023-10-02 18:02:10] INFO: Event added: Mouse moved.
[2023-10-02 18:02:10] INFO: Inside the while loop, should_run is True.
[2023-10-02 18:02:11] INFO: Inside update_runtime.
[2023-10-02 18:02:12] INFO: Inside update_runtime.
[2023-10-02 18:02:13] INFO: Inside update_runtime.
[2023-10-02 18:02:14] INFO: Inside update_runtime.
[2023-10-02 18:02:15] INFO: Inside update_runtime.
[2023-10-02 18:02:16] INFO: Inside update_runtime.
[2023-10-02 18:02:16] INFO: Event added: Mouse moved.
[2023-10-02 18:02:16] INFO: Inside the while loop, should_run is True.
[2023-10-02 18:02:17] INFO: Inside update_runtime.
[2023-10-02 18:02:18] INFO: Inside update_runtime.
[2023-10-02 18:02:18] INFO: MouseMoverApp: stop_moving called
[2023-10-02 18:02:18] INFO: Event added: Mouse Mover stopped.
[2023-10-02 18:02:19] INFO: Inside update_runtime.
[2023-10-02 18:02:22] INFO: Event added: Mouse moved.
[2023-10-02 18:03:33] INFO: MouseMoverApp: stop_moving called
[2023-10-02 18:03:33] INFO: Event added: Mouse Mover stopped.
